<?xml version="1.0" encoding="UTF-8"?>
<!-- Generated by org.testng.reporters.JUnitReportReporter -->
<testsuite skipped="0" hostname="DESKTOP-P80G86J" name="com.alg.test.executionengine.Executor" tests="1" failures="0" timestamp="11 Sep 2017 01:12:30 GMT" time="22.858" errors="0">
  <testcase name="testCase" time="22.858" classname="com.alg.test.executionengine.Executor"/>
</testsuite> <!-- com.alg.test.executionengine.Executor -->
