<?xml version="1.0" encoding="UTF-8"?>
<!-- Generated by org.testng.reporters.JUnitReportReporter -->
<testsuite skipped="0" hostname="Dosi" name="com.alg.test.executionengine.Executor" tests="10" failures="0" timestamp="22 Apr 2018 16:41:09 GMT" time="39.209" errors="0">
  <testcase name="testCase" time="17.254" classname="com.alg.test.executionengine.Executor"/>
  <testcase name="testCase" time="0.005" classname="com.alg.test.executionengine.Executor"/>
  <testcase name="testCase" time="0.007" classname="com.alg.test.executionengine.Executor"/>
  <testcase name="testCase" time="0.004" classname="com.alg.test.executionengine.Executor"/>
  <testcase name="testCase" time="0.009" classname="com.alg.test.executionengine.Executor"/>
  <testcase name="testCase" time="0.006" classname="com.alg.test.executionengine.Executor"/>
  <testcase name="testCase" time="0.001" classname="com.alg.test.executionengine.Executor"/>
  <testcase name="testCase" time="0.007" classname="com.alg.test.executionengine.Executor"/>
  <testcase name="testCase" time="21.912" classname="com.alg.test.executionengine.Executor"/>
  <testcase name="testCase" time="0.004" classname="com.alg.test.executionengine.Executor"/>
</testsuite> <!-- com.alg.test.executionengine.Executor -->
